g++ -std=c++17 -I./include -MMD -MP -DNDEBUG -O2 -c src/Agent.cpp -o obj/Agent.o
g++ -std=c++17 -I./include -MMD -MP -DNDEBUG -O2 -c src/GameRound.cpp -o obj/GameRound.o
g++ -std=c++17 -I./include -MMD -MP -DNDEBUG -O2 -c src/InteractiveAgent.cpp -o obj/InteractiveAgent.o
g++ -std=c++17 -I./include -MMD -MP -DNDEBUG -O2 -c src/InteractiveGame.cpp -o obj/InteractiveGame.o
g++ -std=c++17 -I./include -MMD -MP -DNDEBUG -O2 -c src/LearningGame.cpp -o obj/LearningGame.o
g++ -std=c++17 -I./include -MMD -MP -DNDEBUG -O2 -c src/RemoteInterAgent.cpp -o obj/RemoteInterAgent.o
g++ -std=c++17 -I./include -MMD -MP -DNDEBUG -O2 -c src/RndAgent.cpp -o obj/RndAgent.o
g++ -std=c++17 -I./include -MMD -MP -DNDEBUG -O2 -c src/SoundAgent.cpp -o obj/SoundAgent.o
g++ -std=c++17 -I./include -MMD -MP -DNDEBUG -O2 -c src/main.cpp -o obj/main.o
====== Linking Release Build: hokm.out ======
g++ -o hokm.out obj/Agent.o obj/Card.o obj/CardStack.o obj/Deck.o obj/GameRound.o obj/Hand.o obj/History.o obj/InteractiveAgent.o obj/InteractiveGame.o obj/LearningGame.o obj/ProbHand.o obj/RemoteInterAgent.o obj/RndAgent.o obj/SoundAgent.o obj/State.o obj/main.o
g++ -std=c++17 -I./include -MMD -MP -g -DDEBUG -Wall -Wextra -O2 -DTEST -c src/Agent.cpp -o obj/Agent_dbg.o
g++ -std=c++17 -I./include -MMD -MP -g -DDEBUG -Wall -Wextra -O2 -DTEST -c src/GameRound.cpp -o obj/GameRound_dbg.o
g++ -std=c++17 -I./include -MMD -MP -g -DDEBUG -Wall -Wextra -O2 -DTEST -c src/InteractiveAgent.cpp -o obj/InteractiveAgent_dbg.o
g++ -std=c++17 -I./include -MMD -MP -g -DDEBUG -Wall -Wextra -O2 -DTEST -c src/InteractiveGame.cpp -o obj/InteractiveGame_dbg.o
g++ -std=c++17 -I./include -MMD -MP -g -DDEBUG -Wall -Wextra -O2 -DTEST -c src/LearningGame.cpp -o obj/LearningGame_dbg.o
g++ -std=c++17 -I./include -MMD -MP -g -DDEBUG -Wall -Wextra -O2 -DTEST -c src/RemoteInterAgent.cpp -o obj/RemoteInterAgent_dbg.o
g++ -std=c++17 -I./include -MMD -MP -g -DDEBUG -Wall -Wextra -O2 -DTEST -c src/RndAgent.cpp -o obj/RndAgent_dbg.o
g++ -std=c++17 -I./include -MMD -MP -g -DDEBUG -Wall -Wextra -O2 -DTEST -c src/SoundAgent.cpp -o obj/SoundAgent_dbg.o
g++ -std=c++17 -I./include -MMD -MP -g -DDEBUG -Wall -Wextra -O2 -DTEST -c src/main.cpp -o obj/main_dbg.o
====== Linking Debug Build: hokm_dbg.out ======
g++ -o hokm_dbg.out obj/Agent_dbg.o obj/Card_dbg.o obj/CardStack_dbg.o obj/Deck_dbg.o obj/GameRound_dbg.o obj/Hand_dbg.o obj/History_dbg.o obj/InteractiveAgent_dbg.o obj/InteractiveGame_dbg.o obj/LearningGame_dbg.o obj/ProbHand_dbg.o obj/RemoteInterAgent_dbg.o obj/RndAgent_dbg.o obj/SoundAgent_dbg.o obj/State_dbg.o obj/main_dbg.o
